2018-06-24 15:24:31 - PHP Warning:  fopen(/var/www/html/tngkart/admin/view/stylesheet/bootstrap.css): failed to open stream: Permission denied in /var/www/html/tngkart/admin/controller/startup/sass.php on line 14
2018-06-24 15:24:31 - PHP Warning:  flock() expects parameter 1 to be resource, boolean given in /var/www/html/tngkart/admin/controller/startup/sass.php on line 16
2018-06-24 15:24:31 - PHP Warning:  fwrite() expects parameter 1 to be resource, boolean given in /var/www/html/tngkart/admin/controller/startup/sass.php on line 18
2018-06-24 15:24:31 - PHP Warning:  fflush() expects parameter 1 to be resource, boolean given in /var/www/html/tngkart/admin/controller/startup/sass.php on line 20
2018-06-24 15:24:31 - PHP Warning:  flock() expects parameter 1 to be resource, boolean given in /var/www/html/tngkart/admin/controller/startup/sass.php on line 22
2018-06-24 15:24:31 - PHP Warning:  fclose() expects parameter 1 to be resource, boolean given in /var/www/html/tngkart/admin/controller/startup/sass.php on line 24
2018-06-24 15:24:46 - PHP Warning:  fopen(/var/www/html/tngkart/admin/view/stylesheet/bootstrap.css): failed to open stream: Permission denied in /var/www/html/tngkart/admin/controller/startup/sass.php on line 14
2018-06-24 15:24:46 - PHP Warning:  flock() expects parameter 1 to be resource, boolean given in /var/www/html/tngkart/admin/controller/startup/sass.php on line 16
2018-06-24 15:24:46 - PHP Warning:  fwrite() expects parameter 1 to be resource, boolean given in /var/www/html/tngkart/admin/controller/startup/sass.php on line 18
2018-06-24 15:24:46 - PHP Warning:  fflush() expects parameter 1 to be resource, boolean given in /var/www/html/tngkart/admin/controller/startup/sass.php on line 20
2018-06-24 15:24:46 - PHP Warning:  flock() expects parameter 1 to be resource, boolean given in /var/www/html/tngkart/admin/controller/startup/sass.php on line 22
2018-06-24 15:24:46 - PHP Warning:  fclose() expects parameter 1 to be resource, boolean given in /var/www/html/tngkart/admin/controller/startup/sass.php on line 24
2018-06-24 15:24:46 - PHP Warning:  fopen(/var/www/html/tngkart/admin/view/stylesheet/bootstrap.css): failed to open stream: Permission denied in /var/www/html/tngkart/admin/controller/startup/sass.php on line 14
2018-06-24 15:24:46 - PHP Warning:  flock() expects parameter 1 to be resource, boolean given in /var/www/html/tngkart/admin/controller/startup/sass.php on line 16
2018-06-24 15:24:46 - PHP Warning:  fwrite() expects parameter 1 to be resource, boolean given in /var/www/html/tngkart/admin/controller/startup/sass.php on line 18
2018-06-24 15:24:46 - PHP Warning:  fflush() expects parameter 1 to be resource, boolean given in /var/www/html/tngkart/admin/controller/startup/sass.php on line 20
2018-06-24 15:24:46 - PHP Warning:  flock() expects parameter 1 to be resource, boolean given in /var/www/html/tngkart/admin/controller/startup/sass.php on line 22
2018-06-24 15:24:46 - PHP Warning:  fclose() expects parameter 1 to be resource, boolean given in /var/www/html/tngkart/admin/controller/startup/sass.php on line 24
2018-06-24 15:24:48 - PHP Warning:  fopen(/var/www/html/tngkart/admin/view/stylesheet/bootstrap.css): failed to open stream: Permission denied in /var/www/html/tngkart/admin/controller/startup/sass.php on line 14
2018-06-24 15:24:48 - PHP Warning:  flock() expects parameter 1 to be resource, boolean given in /var/www/html/tngkart/admin/controller/startup/sass.php on line 16
2018-06-24 15:24:48 - PHP Warning:  fwrite() expects parameter 1 to be resource, boolean given in /var/www/html/tngkart/admin/controller/startup/sass.php on line 18
2018-06-24 15:24:48 - PHP Warning:  fflush() expects parameter 1 to be resource, boolean given in /var/www/html/tngkart/admin/controller/startup/sass.php on line 20
2018-06-24 15:24:48 - PHP Warning:  flock() expects parameter 1 to be resource, boolean given in /var/www/html/tngkart/admin/controller/startup/sass.php on line 22
2018-06-24 15:24:48 - PHP Warning:  fclose() expects parameter 1 to be resource, boolean given in /var/www/html/tngkart/admin/controller/startup/sass.php on line 24
2018-06-24 15:24:48 - PHP Warning:  fopen(/var/www/html/tngkart/admin/view/stylesheet/bootstrap.css): failed to open stream: Permission denied in /var/www/html/tngkart/admin/controller/startup/sass.php on line 14
2018-06-24 15:24:48 - PHP Warning:  flock() expects parameter 1 to be resource, boolean given in /var/www/html/tngkart/admin/controller/startup/sass.php on line 16
2018-06-24 15:24:48 - PHP Warning:  fwrite() expects parameter 1 to be resource, boolean given in /var/www/html/tngkart/admin/controller/startup/sass.php on line 18
2018-06-24 15:24:48 - PHP Warning:  fflush() expects parameter 1 to be resource, boolean given in /var/www/html/tngkart/admin/controller/startup/sass.php on line 20
2018-06-24 15:24:48 - PHP Warning:  flock() expects parameter 1 to be resource, boolean given in /var/www/html/tngkart/admin/controller/startup/sass.php on line 22
2018-06-24 15:24:48 - PHP Warning:  fclose() expects parameter 1 to be resource, boolean given in /var/www/html/tngkart/admin/controller/startup/sass.php on line 24
2018-06-24 15:24:54 - PHP Warning:  fopen(/var/www/html/tngkart/admin/view/stylesheet/bootstrap.css): failed to open stream: Permission denied in /var/www/html/tngkart/admin/controller/startup/sass.php on line 14
2018-06-24 15:24:54 - PHP Warning:  flock() expects parameter 1 to be resource, boolean given in /var/www/html/tngkart/admin/controller/startup/sass.php on line 16
2018-06-24 15:24:54 - PHP Warning:  fwrite() expects parameter 1 to be resource, boolean given in /var/www/html/tngkart/admin/controller/startup/sass.php on line 18
2018-06-24 15:24:54 - PHP Warning:  fflush() expects parameter 1 to be resource, boolean given in /var/www/html/tngkart/admin/controller/startup/sass.php on line 20
2018-06-24 15:24:54 - PHP Warning:  flock() expects parameter 1 to be resource, boolean given in /var/www/html/tngkart/admin/controller/startup/sass.php on line 22
2018-06-24 15:24:54 - PHP Warning:  fclose() expects parameter 1 to be resource, boolean given in /var/www/html/tngkart/admin/controller/startup/sass.php on line 24
2018-06-24 15:25:02 - PHP Warning:  fopen(/var/www/html/tngkart/admin/view/stylesheet/bootstrap.css): failed to open stream: Permission denied in /var/www/html/tngkart/admin/controller/startup/sass.php on line 14
2018-06-24 15:25:02 - PHP Warning:  flock() expects parameter 1 to be resource, boolean given in /var/www/html/tngkart/admin/controller/startup/sass.php on line 16
2018-06-24 15:25:02 - PHP Warning:  fwrite() expects parameter 1 to be resource, boolean given in /var/www/html/tngkart/admin/controller/startup/sass.php on line 18
2018-06-24 15:25:02 - PHP Warning:  fflush() expects parameter 1 to be resource, boolean given in /var/www/html/tngkart/admin/controller/startup/sass.php on line 20
2018-06-24 15:25:02 - PHP Warning:  flock() expects parameter 1 to be resource, boolean given in /var/www/html/tngkart/admin/controller/startup/sass.php on line 22
2018-06-24 15:25:02 - PHP Warning:  fclose() expects parameter 1 to be resource, boolean given in /var/www/html/tngkart/admin/controller/startup/sass.php on line 24
